Processing project in C:\Users\eckelsjd\DeepWaves\ansys/DeepWaves.wbpj
Gathering step files:
.keepis not a .step file. Continuing...
Opening C:\Users\eckelsjd\DeepWaves\geometry/rd6_3_2_90.step
Opening C:\Users\eckelsjd\DeepWaves\geometry/rd6_4_1_10.step
Opening C:\Users\eckelsjd\DeepWaves\geometry/rd6_4_1_30.step
Opening C:\Users\eckelsjd\DeepWaves\geometry/rd6_4_1_50.step
Opening C:\Users\eckelsjd\DeepWaves\geometry/rd6_4_1_70.step
Opening C:\Users\eckelsjd\DeepWaves\geometry/rd6_4_1_90.step
Opening C:\Users\eckelsjd\DeepWaves\geometry/rd6_4_2_10.step
Opening C:\Users\eckelsjd\DeepWaves\geometry/rd6_4_2_30.step
Opening C:\Users\eckelsjd\DeepWaves\geometry/rd6_4_2_50.step
Opening C:\Users\eckelsjd\DeepWaves\geometry/rd6_4_2_70.step
Opening C:\Users\eckelsjd\DeepWaves\geometry/rd6_4_2_90.step
Opening C:\Users\eckelsjd\DeepWaves\geometry/rd6_4_3_10.step
Opening C:\Users\eckelsjd\DeepWaves\geometry/rd6_4_3_30.step
Opening C:\Users\eckelsjd\DeepWaves\geometry/rd6_4_3_50.step
Opening C:\Users\eckelsjd\DeepWaves\geometry/rd6_4_3_70.step
Opening C:\Users\eckelsjd\DeepWaves\geometry/rd6_4_3_90.step
Opening C:\Users\eckelsjd\DeepWaves\geometry/rd6_5_1_10.step
Opening C:\Users\eckelsjd\DeepWaves\geometry/rd6_5_1_30.step
Opening C:\Users\eckelsjd\DeepWaves\geometry/rd6_5_1_50.step
Opening C:\Users\eckelsjd\DeepWaves\geometry/rd6_5_1_70.step
Opening C:\Users\eckelsjd\DeepWaves\geometry/rd6_5_1_90.step
Opening C:\Users\eckelsjd\DeepWaves\geometry/rd6_5_2_10.step
Opening C:\Users\eckelsjd\DeepWaves\geometry/rd6_5_2_30.step
Opening C:\Users\eckelsjd\DeepWaves\geometry/rd6_5_2_50.step
Opening C:\Users\eckelsjd\DeepWaves\geometry/rd6_5_2_70.step
Opening C:\Users\eckelsjd\DeepWaves\geometry/rd6_5_2_90.step
Opening C:\Users\eckelsjd\DeepWaves\geometry/rd6_5_3_10.step
Opening C:\Users\eckelsjd\DeepWaves\geometry/rd6_5_3_30.step
Opening C:\Users\eckelsjd\DeepWaves\geometry/rd6_5_3_50.step
Opening C:\Users\eckelsjd\DeepWaves\geometry/rd6_5_3_70.step
Opening C:\Users\eckelsjd\DeepWaves\geometry/rd6_5_3_90.step
Opening C:\Users\eckelsjd\DeepWaves\geometry/rd6_5_4_10.step
Opening C:\Users\eckelsjd\DeepWaves\geometry/rd6_5_4_30.step
Opening C:\Users\eckelsjd\DeepWaves\geometry/rd6_5_4_50.step
Opening C:\Users\eckelsjd\DeepWaves\geometry/rd6_5_4_70.step
Opening C:\Users\eckelsjd\DeepWaves\geometry/rd6_5_4_90.step
Opening C:\Users\eckelsjd\DeepWaves\geometry/rd6_6_2_10.step
Opening C:\Users\eckelsjd\DeepWaves\geometry/rd6_6_2_30.step
Opening C:\Users\eckelsjd\DeepWaves\geometry/rd6_6_2_50.step
Opening C:\Users\eckelsjd\DeepWaves\geometry/rd6_6_2_70.step
Opening C:\Users\eckelsjd\DeepWaves\geometry/rd6_6_2_90.step
Opening C:\Users\eckelsjd\DeepWaves\geometry/rd6_6_3_10.step
Opening C:\Users\eckelsjd\DeepWaves\geometry/rd6_6_3_30.step
Opening C:\Users\eckelsjd\DeepWaves\geometry/rd6_6_3_50.step
Opening C:\Users\eckelsjd\DeepWaves\geometry/rd6_6_3_70.step
Opening C:\Users\eckelsjd\DeepWaves\geometry/rd6_6_3_90.step
Opening C:\Users\eckelsjd\DeepWaves\geometry/rd6_6_4_10.step
Opening C:\Users\eckelsjd\DeepWaves\geometry/rd6_6_4_30.step
Opening C:\Users\eckelsjd\DeepWaves\geometry/rd6_6_4_50.step
Opening C:\Users\eckelsjd\DeepWaves\geometry/rd6_6_4_70.step
Opening C:\Users\eckelsjd\DeepWaves\geometry/rd6_6_4_90.step
Opening C:\Users\eckelsjd\DeepWaves\geometry/rd6_6_5_10.step
Opening C:\Users\eckelsjd\DeepWaves\geometry/rd6_6_5_30.step
Opening C:\Users\eckelsjd\DeepWaves\geometry/rd6_6_5_50.step
Opening C:\Users\eckelsjd\DeepWaves\geometry/rd6_6_5_70.step
Opening C:\Users\eckelsjd\DeepWaves\geometry/rd6_6_5_90.step
Opening C:\Users\eckelsjd\DeepWaves\geometry/rd6_7_3_10.step
Opening C:\Users\eckelsjd\DeepWaves\geometry/rd6_7_3_30.step
Opening C:\Users\eckelsjd\DeepWaves\geometry/rd6_7_3_50.step
Opening C:\Users\eckelsjd\DeepWaves\geometry/rd6_7_3_70.step
Opening C:\Users\eckelsjd\DeepWaves\geometry/rd6_7_3_90.step
Opening C:\Users\eckelsjd\DeepWaves\geometry/rd6_7_4_10.step
Opening C:\Users\eckelsjd\DeepWaves\geometry/rd6_7_4_30.step
Opening C:\Users\eckelsjd\DeepWaves\geometry/rd6_7_4_50.step
Opening C:\Users\eckelsjd\DeepWaves\geometry/rd6_7_4_70.step
Opening C:\Users\eckelsjd\DeepWaves\geometry/rd6_7_4_90.step
Opening C:\Users\eckelsjd\DeepWaves\geometry/rd6_7_5_10.step
Opening C:\Users\eckelsjd\DeepWaves\geometry/rd6_7_5_30.step
Opening C:\Users\eckelsjd\DeepWaves\geometry/rd6_7_5_50.step
Opening C:\Users\eckelsjd\DeepWaves\geometry/rd6_7_5_70.step
Opening C:\Users\eckelsjd\DeepWaves\geometry/rd6_7_5_90.step
Opening C:\Users\eckelsjd\DeepWaves\geometry/rd6_7_6_10.step
Opening C:\Users\eckelsjd\DeepWaves\geometry/rd6_7_6_30.step
Opening C:\Users\eckelsjd\DeepWaves\geometry/rd6_7_6_50.step
Opening C:\Users\eckelsjd\DeepWaves\geometry/rd6_7_6_70.step
Opening C:\Users\eckelsjd\DeepWaves\geometry/rd6_7_6_90.step
Opening C:\Users\eckelsjd\DeepWaves\geometry/rd6_8_4_10.step
Opening C:\Users\eckelsjd\DeepWaves\geometry/rd6_8_4_30.step
Opening C:\Users\eckelsjd\DeepWaves\geometry/rd6_8_4_50.step
Opening C:\Users\eckelsjd\DeepWaves\geometry/rd6_8_4_70.step
Opening C:\Users\eckelsjd\DeepWaves\geometry/rd6_8_4_90.step
Opening C:\Users\eckelsjd\DeepWaves\geometry/rd6_8_5_10.step
Opening C:\Users\eckelsjd\DeepWaves\geometry/rd6_8_5_30.step
Opening C:\Users\eckelsjd\DeepWaves\geometry/rd6_8_5_50.step
Opening C:\Users\eckelsjd\DeepWaves\geometry/rd6_8_5_70.step
Opening C:\Users\eckelsjd\DeepWaves\geometry/rd6_8_5_90.step
Opening C:\Users\eckelsjd\DeepWaves\geometry/rd6_8_6_10.step
Opening C:\Users\eckelsjd\DeepWaves\geometry/rd6_8_6_30.step
Opening C:\Users\eckelsjd\DeepWaves\geometry/rd6_8_6_50.step
Opening C:\Users\eckelsjd\DeepWaves\geometry/rd6_8_6_70.step
Opening C:\Users\eckelsjd\DeepWaves\geometry/rd6_8_6_90.step
Opening C:\Users\eckelsjd\DeepWaves\geometry/rd6_8_7_10.step
Opening C:\Users\eckelsjd\DeepWaves\geometry/rd6_8_7_30.step
Opening C:\Users\eckelsjd\DeepWaves\geometry/rd6_8_7_50.step
Opening C:\Users\eckelsjd\DeepWaves\geometry/rd6_8_7_70.step
Opening C:\Users\eckelsjd\DeepWaves\geometry/rd6_8_7_90.step
Opening C:\Users\eckelsjd\DeepWaves\geometry/rd6_9_5_10.step
Opening C:\Users\eckelsjd\DeepWaves\geometry/rd6_9_5_30.step
Opening C:\Users\eckelsjd\DeepWaves\geometry/rd6_9_5_50.step
Opening C:\Users\eckelsjd\DeepWaves\geometry/rd6_9_5_70.step
Opening C:\Users\eckelsjd\DeepWaves\geometry/rd6_9_5_90.step
Opening C:\Users\eckelsjd\DeepWaves\geometry/rd6_9_6_10.step
Opening C:\Users\eckelsjd\DeepWaves\geometry/rd6_9_6_30.step
Opening C:\Users\eckelsjd\DeepWaves\geometry/rd6_9_6_50.step
Opening C:\Users\eckelsjd\DeepWaves\geometry/rd6_9_6_70.step
Opening C:\Users\eckelsjd\DeepWaves\geometry/rd6_9_6_90.step
Opening C:\Users\eckelsjd\DeepWaves\geometry/rd6_9_7_10.step
Opening C:\Users\eckelsjd\DeepWaves\geometry/rd6_9_7_30.step
Opening C:\Users\eckelsjd\DeepWaves\geometry/rd6_9_7_50.step
Opening C:\Users\eckelsjd\DeepWaves\geometry/rd6_9_7_70.step
Opening C:\Users\eckelsjd\DeepWaves\geometry/rd6_9_7_90.step
Opening C:\Users\eckelsjd\DeepWaves\geometry/rd6_9_8_10.step
Opening C:\Users\eckelsjd\DeepWaves\geometry/rd6_9_8_30.step
Opening C:\Users\eckelsjd\DeepWaves\geometry/rd6_9_8_50.step
Opening C:\Users\eckelsjd\DeepWaves\geometry/rd6_9_8_70.step
Opening C:\Users\eckelsjd\DeepWaves\geometry/rd6_9_8_90.step
Opening C:\Users\eckelsjd\DeepWaves\geometry/rd7_10_150_150.step
Opening C:\Users\eckelsjd\DeepWaves\geometry/rd7_10_150_50.step
Opening C:\Users\eckelsjd\DeepWaves\geometry/rd7_10_50_150.step
Opening C:\Users\eckelsjd\DeepWaves\geometry/rd7_10_50_50.step
Opening C:\Users\eckelsjd\DeepWaves\geometry/rd7_1_150_150.step
Opening C:\Users\eckelsjd\DeepWaves\geometry/rd7_1_150_50.step
Opening C:\Users\eckelsjd\DeepWaves\geometry/rd7_1_50_150.step
Opening C:\Users\eckelsjd\DeepWaves\geometry/rd7_1_50_50.step
Opening C:\Users\eckelsjd\DeepWaves\geometry/rd7_2_150_150.step
Opening C:\Users\eckelsjd\DeepWaves\geometry/rd7_2_150_50.step
Opening C:\Users\eckelsjd\DeepWaves\geometry/rd7_2_50_150.step
Opening C:\Users\eckelsjd\DeepWaves\geometry/rd7_2_50_50.step
Opening C:\Users\eckelsjd\DeepWaves\geometry/rd7_3_150_150.step
Opening C:\Users\eckelsjd\DeepWaves\geometry/rd7_3_150_50.step
Opening C:\Users\eckelsjd\DeepWaves\geometry/rd7_3_50_150.step
Opening C:\Users\eckelsjd\DeepWaves\geometry/rd7_3_50_50.step
Opening C:\Users\eckelsjd\DeepWaves\geometry/rd7_4_150_150.step
Opening C:\Users\eckelsjd\DeepWaves\geometry/rd7_4_150_50.step
Opening C:\Users\eckelsjd\DeepWaves\geometry/rd7_4_50_150.step
Opening C:\Users\eckelsjd\DeepWaves\geometry/rd7_4_50_50.step
Opening C:\Users\eckelsjd\DeepWaves\geometry/rd7_5_150_150.step
Opening C:\Users\eckelsjd\DeepWaves\geometry/rd7_5_150_50.step
Opening C:\Users\eckelsjd\DeepWaves\geometry/rd7_5_50_150.step
Opening C:\Users\eckelsjd\DeepWaves\geometry/rd7_5_50_50.step
Opening C:\Users\eckelsjd\DeepWaves\geometry/rd7_6_150_150.step
Opening C:\Users\eckelsjd\DeepWaves\geometry/rd7_6_150_50.step
Opening C:\Users\eckelsjd\DeepWaves\geometry/rd7_6_50_150.step
Opening C:\Users\eckelsjd\DeepWaves\geometry/rd7_6_50_50.step
Opening C:\Users\eckelsjd\DeepWaves\geometry/rd7_7_150_150.step
Opening C:\Users\eckelsjd\DeepWaves\geometry/rd7_7_150_50.step
Opening C:\Users\eckelsjd\DeepWaves\geometry/rd7_7_50_150.step
Opening C:\Users\eckelsjd\DeepWaves\geometry/rd7_7_50_50.step
Opening C:\Users\eckelsjd\DeepWaves\geometry/rd7_8_150_150.step
Opening C:\Users\eckelsjd\DeepWaves\geometry/rd7_8_150_50.step
Opening C:\Users\eckelsjd\DeepWaves\geometry/rd7_8_50_150.step
Opening C:\Users\eckelsjd\DeepWaves\geometry/rd7_8_50_50.step
Opening C:\Users\eckelsjd\DeepWaves\geometry/rd7_9_150_150.step
Opening C:\Users\eckelsjd\DeepWaves\geometry/rd7_9_150_50.step
Opening C:\Users\eckelsjd\DeepWaves\geometry/rd7_9_50_150.step
Opening C:\Users\eckelsjd\DeepWaves\geometry/rd7_9_50_50.step
Opening C:\Users\eckelsjd\DeepWaves\geometry/rd8_1_10.step
Opening C:\Users\eckelsjd\DeepWaves\geometry/rd8_1_20.step
Opening C:\Users\eckelsjd\DeepWaves\geometry/rd8_1_30.step
Opening C:\Users\eckelsjd\DeepWaves\geometry/rd8_1_40.step
Opening C:\Users\eckelsjd\DeepWaves\geometry/rd8_1_50.step
Opening C:\Users\eckelsjd\DeepWaves\geometry/rd8_1_60.step
Opening C:\Users\eckelsjd\DeepWaves\geometry/rd8_2_10.step
Opening C:\Users\eckelsjd\DeepWaves\geometry/rd8_2_20.step
Opening C:\Users\eckelsjd\DeepWaves\geometry/rd8_2_30.step
Opening C:\Users\eckelsjd\DeepWaves\geometry/rd8_2_40.step
Opening C:\Users\eckelsjd\DeepWaves\geometry/rd8_2_50.step
Opening C:\Users\eckelsjd\DeepWaves\geometry/rd8_2_60.step
Opening C:\Users\eckelsjd\DeepWaves\geometry/rd8_3_10.step
Opening C:\Users\eckelsjd\DeepWaves\geometry/rd8_3_20.step
Opening C:\Users\eckelsjd\DeepWaves\geometry/rd8_3_30.step
Opening C:\Users\eckelsjd\DeepWaves\geometry/rd8_3_40.step
Opening C:\Users\eckelsjd\DeepWaves\geometry/rd8_3_50.step
Opening C:\Users\eckelsjd\DeepWaves\geometry/rd8_3_60.step
Opening C:\Users\eckelsjd\DeepWaves\geometry/rd8_4_10.step
Opening C:\Users\eckelsjd\DeepWaves\geometry/rd8_4_20.step
Opening C:\Users\eckelsjd\DeepWaves\geometry/rd8_4_30.step
Opening C:\Users\eckelsjd\DeepWaves\geometry/rd8_4_40.step
Opening C:\Users\eckelsjd\DeepWaves\geometry/rd8_4_50.step
Opening C:\Users\eckelsjd\DeepWaves\geometry/rd8_4_60.step
Opening C:\Users\eckelsjd\DeepWaves\geometry/rd8_5_10.step
Opening C:\Users\eckelsjd\DeepWaves\geometry/rd8_5_20.step
Opening C:\Users\eckelsjd\DeepWaves\geometry/rd8_5_30.step
Opening C:\Users\eckelsjd\DeepWaves\geometry/rd8_5_40.step
Opening C:\Users\eckelsjd\DeepWaves\geometry/rd8_5_50.step
Opening C:\Users\eckelsjd\DeepWaves\geometry/rd8_5_60.step
Opening C:\Users\eckelsjd\DeepWaves\geometry/rd8_6_10.step
Opening C:\Users\eckelsjd\DeepWaves\geometry/rd8_6_20.step
Opening C:\Users\eckelsjd\DeepWaves\geometry/rd8_6_30.step
Opening C:\Users\eckelsjd\DeepWaves\geometry/rd8_6_40.step
Opening C:\Users\eckelsjd\DeepWaves\geometry/rd8_6_50.step
Opening C:\Users\eckelsjd\DeepWaves\geometry/rd8_6_60.step
Opening C:\Users\eckelsjd\DeepWaves\geometry/rd8_7_10.step
Opening C:\Users\eckelsjd\DeepWaves\geometry/rd8_7_20.step
Opening C:\Users\eckelsjd\DeepWaves\geometry/rd8_7_30.step
Opening C:\Users\eckelsjd\DeepWaves\geometry/rd8_7_40.step
Opening C:\Users\eckelsjd\DeepWaves\geometry/rd8_7_50.step
Opening C:\Users\eckelsjd\DeepWaves\geometry/rd8_7_60.step
Opening C:\Users\eckelsjd\DeepWaves\geometry/rd8_8_10.step
Opening C:\Users\eckelsjd\DeepWaves\geometry/rd8_8_20.step
Opening C:\Users\eckelsjd\DeepWaves\geometry/rd8_8_30.step
Opening C:\Users\eckelsjd\DeepWaves\geometry/rd8_8_40.step
Opening C:\Users\eckelsjd\DeepWaves\geometry/rd8_8_50.step
Opening C:\Users\eckelsjd\DeepWaves\geometry/rd8_8_60.step
Opening C:\Users\eckelsjd\DeepWaves\geometry/rd8_9_10.STEP
Opening C:\Users\eckelsjd\DeepWaves\geometry/rd8_9_20.STEP
Opening C:\Users\eckelsjd\DeepWaves\geometry/rd8_9_30.STEP
Opening C:\Users\eckelsjd\DeepWaves\geometry/rd8_9_40.STEP
Opening C:\Users\eckelsjd\DeepWaves\geometry/rd8_9_50.STEP
Opening C:\Users\eckelsjd\DeepWaves\geometry/rd8_9_60.STEP

